<?xml version="1.0" encoding="UTF-8"?>
<!-- Generated by org.testng.reporters.JUnitReportReporter -->
<testsuite skipped="0" hostname="DESKTOP-7T2Q2P4" name="org.arpit.java2blog.test.LibrarianDAOTest" tests="5" failures="0" timestamp="07 Jan 2018 12:32:34 GMT" time="2.898" errors="0">
  <testcase name="getLibrarianById" time="0.362" classname="org.arpit.java2blog.test.LibrarianDAOTest"/>
  <testcase name="getAllLibrarian" time="0.483" classname="org.arpit.java2blog.test.LibrarianDAOTest"/>
  <testcase name="updateLibrarian" time="0.345" classname="org.arpit.java2blog.test.LibrarianDAOTest"/>
  <testcase name="deleteLibrarian" time="1.286" classname="org.arpit.java2blog.test.LibrarianDAOTest"/>
  <testcase name="addLibrarian" time="0.422" classname="org.arpit.java2blog.test.LibrarianDAOTest"/>
</testsuite> <!-- org.arpit.java2blog.test.LibrarianDAOTest -->
