<?xml version="1.0" encoding="UTF-8"?>
<!-- Generated by org.testng.reporters.JUnitReportReporter -->
<testsuite skipped="0" hostname="DESKTOP-7T2Q2P4" name="org.arpit.java2blog.test.CategoryDAOTest" tests="5" failures="0" timestamp="07 Jan 2018 12:37:12 GMT" time="11.705" errors="0">
  <testcase name="addNewCategory" time="2.101" classname="org.arpit.java2blog.test.CategoryDAOTest"/>
  <testcase name="deleteAuthor" time="3.220" classname="org.arpit.java2blog.test.CategoryDAOTest"/>
  <testcase name="getAllCategory" time="2.276" classname="org.arpit.java2blog.test.CategoryDAOTest"/>
  <testcase name="getCategoryById" time="2.093" classname="org.arpit.java2blog.test.CategoryDAOTest"/>
  <testcase name="updateCategory" time="2.015" classname="org.arpit.java2blog.test.CategoryDAOTest"/>
</testsuite> <!-- org.arpit.java2blog.test.CategoryDAOTest -->
