<?xml version="1.0" encoding="UTF-8"?>
<!-- Generated by org.testng.reporters.JUnitReportReporter -->
<testsuite skipped="0" hostname="DESKTOP-7T2Q2P4" name="org.arpit.java2blog.test.AuthorServiceTest" tests="5" failures="0" timestamp="07 Jan 2018 12:32:03 GMT" time="11.519" errors="0">
  <testcase name="getAllAuthor" time="3.191" classname="org.arpit.java2blog.test.AuthorServiceTest"/>
  <testcase name="addLibrarian" time="2.095" classname="org.arpit.java2blog.test.AuthorServiceTest"/>
  <testcase name="getAuthorById" time="2.080" classname="org.arpit.java2blog.test.AuthorServiceTest"/>
  <testcase name="updateAuthor" time="2.087" classname="org.arpit.java2blog.test.AuthorServiceTest"/>
  <testcase name="deleteAuthor" time="2.066" classname="org.arpit.java2blog.test.AuthorServiceTest"/>
</testsuite> <!-- org.arpit.java2blog.test.AuthorServiceTest -->
