<?xml version="1.0" encoding="UTF-8"?>
<!-- Generated by org.testng.reporters.JUnitReportReporter -->
<testsuite skipped="0" hostname="DESKTOP-7T2Q2P4" name="org.arpit.java2blog.test.CategoryServiceTest" tests="5" failures="0" timestamp="07 Jan 2018 12:39:46 GMT" time="11.816" errors="0">
  <testcase name="addNewCategory" time="3.173" classname="org.arpit.java2blog.test.CategoryServiceTest"/>
  <testcase name="getAllCategory" time="2.203" classname="org.arpit.java2blog.test.CategoryServiceTest"/>
  <testcase name="deleteAuthor" time="2.083" classname="org.arpit.java2blog.test.CategoryServiceTest"/>
  <testcase name="updateCategory" time="2.300" classname="org.arpit.java2blog.test.CategoryServiceTest"/>
  <testcase name="getCategoryById" time="2.057" classname="org.arpit.java2blog.test.CategoryServiceTest"/>
</testsuite> <!-- org.arpit.java2blog.test.CategoryServiceTest -->
