<?xml version="1.0" encoding="UTF-8"?>
<!-- Generated by org.testng.reporters.JUnitReportReporter -->
<testsuite skipped="0" hostname="DESKTOP-7T2Q2P4" name="org.arpit.java2blog.test.LibrarianServiceTest" tests="5" failures="0" timestamp="07 Jan 2018 08:31:20 GMT" time="2.969" errors="0">
  <testcase name="getLibrarianById" time="0.345" classname="org.arpit.java2blog.test.LibrarianServiceTest"/>
  <testcase name="updateLibrarian" time="0.356" classname="org.arpit.java2blog.test.LibrarianServiceTest"/>
  <testcase name="getAllLibrarian" time="0.473" classname="org.arpit.java2blog.test.LibrarianServiceTest"/>
  <testcase name="deleteLibrarian" time="0.318" classname="org.arpit.java2blog.test.LibrarianServiceTest"/>
  <testcase name="addLibrarian" time="1.477" classname="org.arpit.java2blog.test.LibrarianServiceTest"/>
</testsuite> <!-- org.arpit.java2blog.test.LibrarianServiceTest -->
