<?xml version="1.0" encoding="UTF-8"?>
<!-- Generated by org.testng.reporters.JUnitReportReporter -->
<testsuite skipped="0" hostname="DESKTOP-7T2Q2P4" name="org.arpit.java2blog.test.AuthorDAOTest" tests="5" failures="0" timestamp="07 Jan 2018 12:29:03 GMT" time="11.725" errors="0">
  <testcase name="deleteAuthor" time="3.171" classname="org.arpit.java2blog.test.AuthorDAOTest"/>
  <testcase name="addNewAuthor" time="2.282" classname="org.arpit.java2blog.test.AuthorDAOTest"/>
  <testcase name="getAllAuthor" time="2.214" classname="org.arpit.java2blog.test.AuthorDAOTest"/>
  <testcase name="updateAuthor" time="2.035" classname="org.arpit.java2blog.test.AuthorDAOTest"/>
  <testcase name="getAuthorById" time="2.023" classname="org.arpit.java2blog.test.AuthorDAOTest"/>
</testsuite> <!-- org.arpit.java2blog.test.AuthorDAOTest -->
